15:05:29 **** Incremental Build of configuration Nios II for project nios_vga3 ****
make all 
Info: Building ../nios_vga3_bsp/
C:/Users/nazmievairat/intelFPGA_lite/18.1/nios2eds/bin/gnu/H-x86_64-mingw32/bin/make --no-print-directory -C ../nios_vga3_bsp/
[BSP build complete]
[nios_vga3 build complete]
15:05:32 **** Incremental Build of configuration Nios II for project nios_vga3 ****
make all 
Info: Building ../nios_vga3_bsp/
C:/Users/nazmievairat/intelFPGA_lite/18.1/nios2eds/bin/gnu/H-x86_64-mingw32/bin/make --no-print-directory -C ../nios_vga3_bsp/
[BSP build complete]
[nios_vga3 build complete]
15:08:02 **** Incremental Build of configuration Nios II for project nios_vga3 ****
make all 
Info: Building ../nios_vga3_bsp/
C:/Users/nazmievairat/intelFPGA_lite/18.1/nios2eds/bin/gnu/H-x86_64-mingw32/bin/make --no-print-directory -C ../nios_vga3_bsp/
[BSP build complete]
[nios_vga3 build complete]
15:15:20 **** Incremental Build of configuration Nios II for project nios_vga3 ****
make all 
Info: Building ../nios_vga3_bsp/
C:/Users/nazmievairat/intelFPGA_lite/18.1/nios2eds/bin/gnu/H-x86_64-mingw32/bin/make --no-print-directory -C ../nios_vga3_bsp/
[BSP build complete]
Info: Compiling hello_world.c to obj/default/hello_world.o
nios2-elf-gcc -xc -MP -MMD -c -I../nios_vga3_bsp//HAL/inc -I../nios_vga3_bsp/ -I../nios_vga3_bsp//drivers/inc  -pipe -D__hal__ -DALT_NO_C_PLUS_PLUS -DALT_NO_INSTRUCTION_EMULATION -DSMALL_C_LIB -DALT_SINGLE_THREADED    -O0 -g -Wall   -mno-hw-div -mhw-mul -mhw-mulx -mgpopt=global  -o obj/default/hello_world.o hello_world.c
Info: Linking nios_vga3.elf
nios2-elf-g++  -T'../nios_vga3_bsp//linker.x' -msys-crt0='../nios_vga3_bsp//obj/HAL/src/crt0.o' -msys-lib=hal_bsp -L../nios_vga3_bsp/  -msmallc  -Wl,-Map=nios_vga3.map   -O0 -g -Wall   -mno-hw-div -mhw-mul -mhw-mulx -mgpopt=global  -o nios_vga3.elf obj/default/hello_world.o -lm -msys-lib=m
nios2-elf-insert nios_vga3.elf --thread_model hal --cpu_name nios2_gen2_0 --qsys true --simulation_enabled false --stderr_dev none --stdin_dev none --stdout_dev none --sopc_system_name system_t3 --quartus_project_dir "C:/Users/nazmievairat/YandexDisk/Labmst_Huawei/DREC-fpga/lectures/lecture_code/lecture_3" --jdi ../..//output_files/simple_nios_vga.jdi --sopcinfo C:/Users/nazmievairat/YandexDisk/Labmst_Huawei/DREC-fpga/lectures/lecture_code/lecture_3/software/nios_vga3_bsp/../../system_t3.sopcinfo
Info: (nios_vga3.elf) 15 KBytes program size (code + initialized data).
Info:                 100 Bytes free for stack + heap.
Info: Creating nios_vga3.objdump
nios2-elf-objdump --disassemble --syms --all-header --source nios_vga3.elf >nios_vga3.objdump
[nios_vga3 build complete]
15:15:22 **** Incremental Build of configuration Nios II for project nios_vga3_bsp ****
make all 
[BSP build complete]
15:15:24 **** Incremental Build of configuration Nios II for project nios_vga3 ****
make all 
Info: Building ../nios_vga3_bsp/
C:/Users/nazmievairat/intelFPGA_lite/18.1/nios2eds/bin/gnu/H-x86_64-mingw32/bin/make --no-print-directory -C ../nios_vga3_bsp/
[BSP build complete]
[nios_vga3 build complete]
